{"/Users/ismael.jarmouni.gomez/RecipeFinderApp/recipe_finder/src/App.jsx": {"path":"/Users/ismael.jarmouni.gomez/RecipeFinderApp/recipe_finder/src/App.jsx","statementMap":{"0":{"start":{"line":5,"column":2},"end":{"line":6,"column":null}}},"fnMap":{"0":{"name":"App","decl":{"start":{"line":4,"column":9},"end":{"line":4,"column":15}},"loc":{"start":{"line":4,"column":15},"end":{"line":8,"column":null}}}},"branchMap":{},"s":{"0":0},"f":{"0":0},"b":{}}
,"/Users/ismael.jarmouni.gomez/RecipeFinderApp/recipe_finder/src/components/SingleRecipe.tsx": {"path":"/Users/ismael.jarmouni.gomez/RecipeFinderApp/recipe_finder/src/components/SingleRecipe.tsx","statementMap":{"0":{"start":{"line":24,"column":15},"end":{"line":35,"column":1}},"1":{"start":{"line":37,"column":14},"end":{"line":41,"column":1}},"2":{"start":{"line":43,"column":13},"end":{"line":50,"column":1}}},"fnMap":{"0":{"name":"SingleRecipe","decl":{"start":{"line":3,"column":9},"end":{"line":3,"column":22}},"loc":{"start":{"line":3,"column":33},"end":{"line":22,"column":null}}}},"branchMap":{},"s":{"0":0,"1":0,"2":0},"f":{"0":0},"b":{}}
}
